2026-03-17 21:55:46,796 INFO watching scans=server/scans watch_root=/Users/ajfarren/Projects/aq/bfscdx/server/clients every 3s
2026-03-17 21:57:21,750 INFO watching scans=server/scans watch_root=/Users/ajfarren/Projects/aq/bfscdx/server/clients every 3s
2026-03-17 22:09:45,074 INFO routed scan source=/Users/ajfarren/Projects/aq/bfscdx/server/clients/scans/3fukfvvt_indbill.pdf destination=/Users/ajfarren/Projects/aq/bfscdx/server/clients/unresolved/other/3fukfvvt_indbill_1.pdf
2026-03-17 22:09:45,076 INFO routed scan source=/Users/ajfarren/Projects/aq/bfscdx/server/clients/scans/a2opeq2v_indbill.pdf destination=/Users/ajfarren/Projects/aq/bfscdx/server/clients/unresolved/other/a2opeq2v_indbill_1.pdf
2026-03-17 22:09:45,077 INFO routed scan source=/Users/ajfarren/Projects/aq/bfscdx/server/clients/scans/bpufeyi4_indbill.pdf destination=/Users/ajfarren/Projects/aq/bfscdx/server/clients/unresolved/other/bpufeyi4_indbill_1.pdf
2026-03-17 22:09:45,078 INFO routed scan source=/Users/ajfarren/Projects/aq/bfscdx/server/clients/scans/ccgerwq3_indbill.pdf destination=/Users/ajfarren/Projects/aq/bfscdx/server/clients/unresolved/other/ccgerwq3_indbill_1.pdf
2026-03-17 22:09:45,079 INFO routed scan source=/Users/ajfarren/Projects/aq/bfscdx/server/clients/scans/f25qhyym_indbill.pdf destination=/Users/ajfarren/Projects/aq/bfscdx/server/clients/unresolved/other/f25qhyym_indbill_1.pdf
2026-03-17 22:09:45,079 INFO routed scan source=/Users/ajfarren/Projects/aq/bfscdx/server/clients/scans/gq3inkv5_indbill.pdf destination=/Users/ajfarren/Projects/aq/bfscdx/server/clients/unresolved/other/gq3inkv5_indbill_1.pdf
2026-03-17 22:09:45,080 INFO routed scan source=/Users/ajfarren/Projects/aq/bfscdx/server/clients/scans/gt5hsfi3_indbill.pdf destination=/Users/ajfarren/Projects/aq/bfscdx/server/clients/unresolved/other/gt5hsfi3_indbill_1.pdf
2026-03-17 22:09:45,081 INFO routed scan source=/Users/ajfarren/Projects/aq/bfscdx/server/clients/scans/hnjsoq7b_indbill.pdf destination=/Users/ajfarren/Projects/aq/bfscdx/server/clients/unresolved/other/hnjsoq7b_indbill_1.pdf
2026-03-17 22:09:45,081 INFO routed scan source=/Users/ajfarren/Projects/aq/bfscdx/server/clients/scans/kmljfdvb_indbill.pdf destination=/Users/ajfarren/Projects/aq/bfscdx/server/clients/unresolved/other/kmljfdvb_indbill_1.pdf
2026-03-17 22:09:45,082 INFO routed scan source=/Users/ajfarren/Projects/aq/bfscdx/server/clients/scans/lefvsl6p_indbill.pdf destination=/Users/ajfarren/Projects/aq/bfscdx/server/clients/unresolved/other/lefvsl6p_indbill_1.pdf
2026-03-17 22:09:45,083 INFO routed scan source=/Users/ajfarren/Projects/aq/bfscdx/server/clients/scans/lx4dc4lt_indbill.pdf destination=/Users/ajfarren/Projects/aq/bfscdx/server/clients/unresolved/other/lx4dc4lt_indbill_1.pdf
2026-03-17 22:09:45,084 INFO routed scan source=/Users/ajfarren/Projects/aq/bfscdx/server/clients/scans/lx6oy5uu_indbill.pdf destination=/Users/ajfarren/Projects/aq/bfscdx/server/clients/unresolved/other/lx6oy5uu_indbill_1.pdf
2026-03-17 22:09:45,085 INFO routed scan source=/Users/ajfarren/Projects/aq/bfscdx/server/clients/scans/muiqzi32_indbill.pdf destination=/Users/ajfarren/Projects/aq/bfscdx/server/clients/unresolved/other/muiqzi32_indbill_1.pdf
2026-03-17 22:09:45,086 INFO routed scan source=/Users/ajfarren/Projects/aq/bfscdx/server/clients/scans/n6e6ubtr_indbill.pdf destination=/Users/ajfarren/Projects/aq/bfscdx/server/clients/unresolved/other/n6e6ubtr_indbill_1.pdf
2026-03-17 22:09:45,087 INFO routed scan source=/Users/ajfarren/Projects/aq/bfscdx/server/clients/scans/nktoto6i_indbill.pdf destination=/Users/ajfarren/Projects/aq/bfscdx/server/clients/unresolved/other/nktoto6i_indbill_1.pdf
2026-03-17 22:09:45,088 INFO routed scan source=/Users/ajfarren/Projects/aq/bfscdx/server/clients/scans/orvzikcn_indbill.pdf destination=/Users/ajfarren/Projects/aq/bfscdx/server/clients/unresolved/other/orvzikcn_indbill_1.pdf
2026-03-17 22:09:45,089 INFO routed scan source=/Users/ajfarren/Projects/aq/bfscdx/server/clients/scans/vbyx55gn_indbill.pdf destination=/Users/ajfarren/Projects/aq/bfscdx/server/clients/unresolved/other/vbyx55gn_indbill_1.pdf
2026-03-17 22:09:45,090 INFO routed scan source=/Users/ajfarren/Projects/aq/bfscdx/server/clients/scans/vfir33bj_indbill.pdf destination=/Users/ajfarren/Projects/aq/bfscdx/server/clients/unresolved/other/vfir33bj_indbill_1.pdf
2026-03-17 22:09:45,090 INFO routed scan source=/Users/ajfarren/Projects/aq/bfscdx/server/clients/scans/vtqz4sji_indbill.pdf destination=/Users/ajfarren/Projects/aq/bfscdx/server/clients/unresolved/other/vtqz4sji_indbill_1.pdf
2026-03-17 22:09:45,091 INFO routed scan source=/Users/ajfarren/Projects/aq/bfscdx/server/clients/scans/wprjehui_indbill.pdf destination=/Users/ajfarren/Projects/aq/bfscdx/server/clients/unresolved/other/wprjehui_indbill_1.pdf
2026-03-17 22:09:45,091 INFO routed scan source=/Users/ajfarren/Projects/aq/bfscdx/server/clients/scans/xgnexwyz_indbill.pdf destination=/Users/ajfarren/Projects/aq/bfscdx/server/clients/unresolved/other/xgnexwyz_indbill_1.pdf
2026-03-17 22:09:45,092 INFO routed scan source=/Users/ajfarren/Projects/aq/bfscdx/server/clients/scans/y2btfh57_indbill.pdf destination=/Users/ajfarren/Projects/aq/bfscdx/server/clients/unresolved/other/y2btfh57_indbill_1.pdf
2026-03-18 02:28:07,795 INFO watching scans=server/scans watch_root=/Users/ajfarren/Projects/aq/bfscdx/server/clients every 3s
2026-03-18 02:35:56,314 INFO watching scans=server/scans watch_root=/Users/ajfarren/Projects/aq/bfscdx/server/clients every 3s
2026-03-18 05:28:01,558 INFO processed po_box=5010095 document_id=inv_zvg5yzj3l5gyxnvb
2026-03-18 05:28:02,625 INFO processed po_box=5010095 document_id=inv_mgpamestxzfglkjr
2026-03-18 05:28:06,779 INFO processed po_box=5010095 document_id=inv_nkrmjlws3rcflgng
2026-03-18 05:28:07,894 INFO processed po_box=5010095 document_id=inv_3zbe7olngfdh7j7g
2026-03-18 05:28:13,970 INFO processed po_box=5010095 document_id=inv_6fddlmplx5b63mk3
2026-03-18 05:28:20,085 INFO processed po_box=5010095 document_id=inv_xh4kv6ld7nhzzniv
2026-03-18 05:28:32,457 INFO processed po_box=5010095 document_id=inv_qgyywpvt3fcnfbvt
2026-03-18 05:28:38,675 INFO processed po_box=5010095 document_id=inv_catsqqv5i5ht3mt3
2026-03-18 05:28:49,303 INFO processed po_box=5010095 document_id=inv_y6kifzrvbjdihbjg
2026-03-18 05:28:59,968 INFO processed po_box=5010095 document_id=inv_vg2u4y4t25e4ljyz
2026-03-18 05:29:05,197 INFO processed po_box=5010095 document_id=inv_4lzu3eqpkzfs5hqm
2026-03-18 05:29:07,293 INFO processed po_box=5010095 document_id=inv_ykjmv2xlofd7vlcn
2026-03-18 05:29:10,898 INFO processed po_box=5010095 document_id=inv_6mgpy6hdajeszihi
2026-03-18 05:29:11,425 INFO processed po_box=5010095 document_id=inv_5v5qs2c4w5b45arx
2026-03-18 05:29:32,552 INFO processed po_box=5010095 document_id=inv_xpfvxalysretll5e
2026-03-18 05:29:38,244 INFO processed po_box=5010095 document_id=inv_sy57ir6jpjd5dnbu
2026-03-18 05:29:43,501 INFO processed po_box=5010095 document_id=inv_as36evv3u5duhnpm
2026-03-18 05:29:48,749 INFO processed po_box=5010095 document_id=inv_5asjbludf5bgbctg
2026-03-18 05:30:00,015 INFO processed po_box=5010095 document_id=inv_pyiveeq6ingdrkce
2026-03-18 05:30:08,031 INFO processed po_box=5010095 document_id=inv_2kdfvy6pyfavnc4q
2026-03-18 05:30:11,649 INFO processed po_box=5010095 document_id=inv_iu3gzcrjmbhhnlvd
2026-03-18 05:30:12,185 INFO processed po_box=5010095 document_id=inv_3hcqt4voqzcnfhue
2026-03-18 05:36:49,048 INFO watching scans=server/scans watch_root=/Users/ajfarren/Projects/aq/bfscdx/server/clients every 3s
2026-03-18 05:37:35,889 INFO processed po_box=5010095 document_id=inv_sniqmzm4hrd73jvf
2026-03-18 05:37:36,489 INFO processed po_box=5010095 document_id=inv_wnzmpc5iujezjfwv
2026-03-18 05:53:29,313 INFO watching scans=server/scans watch_root=/Users/ajfarren/Projects/aq/bfscdx/server/clients every 3s
2026-03-18 08:41:25,764 INFO watching scans=server/scans watch_root=/Users/ajfarren/Projects/aq/bfscdx/server/clients every 3s
